2019-03-07 11:29:33,033 p=21536 u=root |  ubuntu2 | SUCCESS => {
    "changed": false, 
    "ping": "pong"
}
2019-03-07 11:29:33,035 p=21536 u=root |  ubuntu1 | SUCCESS => {
    "changed": false, 
    "ping": "pong"
}
2019-03-07 11:29:41,685 p=21536 u=root |  centos1 | SUCCESS => {
    "changed": false, 
    "ping": "pong"
}
2019-03-07 11:29:41,686 p=21536 u=root |  centos2 | SUCCESS => {
    "changed": false, 
    "ping": "pong"
}
2019-03-07 11:30:56,244 p=21719 u=root |  PLAY [Demonstrates use of register variable] ***********************************************************************************
2019-03-07 11:30:56,253 p=21719 u=root |  TASK [Gathering Facts] *********************************************************************************************************
2019-03-07 11:30:58,182 p=21719 u=root |  ok: [ubuntu2]
2019-03-07 11:30:58,186 p=21719 u=root |  ok: [ubuntu1]
2019-03-07 11:31:10,114 p=21719 u=root |  ok: [centos1]
2019-03-07 11:31:10,127 p=21719 u=root |  ok: [centos2]
2019-03-07 11:31:10,133 p=21719 u=root |  TASK [List the root directory files and directories] ***************************************************************************
2019-03-07 11:31:11,076 p=21719 u=root |  changed: [ubuntu2]
2019-03-07 11:31:11,089 p=21719 u=root |  changed: [ubuntu1]
2019-03-07 11:31:11,342 p=21719 u=root |  changed: [centos1]
2019-03-07 11:31:11,342 p=21719 u=root |  changed: [centos2]
2019-03-07 11:31:11,344 p=21719 u=root |  PLAY RECAP *********************************************************************************************************************
2019-03-07 11:31:11,345 p=21719 u=root |  centos1                    : ok=2    changed=1    unreachable=0    failed=0   
2019-03-07 11:31:11,345 p=21719 u=root |  centos2                    : ok=2    changed=1    unreachable=0    failed=0   
2019-03-07 11:31:11,345 p=21719 u=root |  ubuntu1                    : ok=2    changed=1    unreachable=0    failed=0   
2019-03-07 11:31:11,345 p=21719 u=root |  ubuntu2                    : ok=2    changed=1    unreachable=0    failed=0   
2019-03-07 11:32:55,609 p=22065 u=root |  PLAY [Demonstrates use of register variable] ***********************************************************************************
2019-03-07 11:32:55,616 p=22065 u=root |  TASK [Gathering Facts] *********************************************************************************************************
2019-03-07 11:32:56,408 p=22065 u=root |  ok: [ubuntu2]
2019-03-07 11:32:56,425 p=22065 u=root |  ok: [ubuntu1]
2019-03-07 11:32:59,741 p=22065 u=root |  ok: [centos1]
2019-03-07 11:32:59,770 p=22065 u=root |  ok: [centos2]
2019-03-07 11:32:59,777 p=22065 u=root |  TASK [List the root directory files and directories] ***************************************************************************
2019-03-07 11:33:00,248 p=22065 u=root |  changed: [ubuntu1]
2019-03-07 11:33:00,254 p=22065 u=root |  changed: [ubuntu2]
2019-03-07 11:33:00,516 p=22065 u=root |  changed: [centos2]
2019-03-07 11:33:00,520 p=22065 u=root |  changed: [centos1]
2019-03-07 11:33:00,530 p=22065 u=root |  TASK [debug] *******************************************************************************************************************
2019-03-07 11:33:00,589 p=22065 u=root |  ok: [centos1] => {
    "output": {
        "changed": true, 
        "cmd": "ls -l /root", 
        "delta": "0:00:00.264142", 
        "end": "2019-03-07 06:03:00.501916", 
        "failed": false, 
        "rc": 0, 
        "start": "2019-03-07 06:03:00.237774", 
        "stderr": "", 
        "stderr_lines": [], 
        "stdout": "total 16\n-rw-------. 1 root root 3172 Aug 19  2015 anaconda-ks.cfg\n-rw-r--r--. 1 root root 7214 Aug 19  2015 install.log\n-rw-r--r--. 1 root root 1680 Aug 19  2015 install.log.syslog", 
        "stdout_lines": [
            "total 16", 
            "-rw-------. 1 root root 3172 Aug 19  2015 anaconda-ks.cfg", 
            "-rw-r--r--. 1 root root 7214 Aug 19  2015 install.log", 
            "-rw-r--r--. 1 root root 1680 Aug 19  2015 install.log.syslog"
        ]
    }
}
2019-03-07 11:33:00,591 p=22065 u=root |  ok: [centos2] => {
    "output": {
        "changed": true, 
        "cmd": "ls -l /root", 
        "delta": "0:00:00.272537", 
        "end": "2019-03-07 06:03:00.501478", 
        "failed": false, 
        "rc": 0, 
        "start": "2019-03-07 06:03:00.228941", 
        "stderr": "", 
        "stderr_lines": [], 
        "stdout": "total 16\n-rw-------. 1 root root 3172 Aug 19  2015 anaconda-ks.cfg\n-rw-r--r--. 1 root root 7214 Aug 19  2015 install.log\n-rw-r--r--. 1 root root 1680 Aug 19  2015 install.log.syslog", 
        "stdout_lines": [
            "total 16", 
            "-rw-------. 1 root root 3172 Aug 19  2015 anaconda-ks.cfg", 
            "-rw-r--r--. 1 root root 7214 Aug 19  2015 install.log", 
            "-rw-r--r--. 1 root root 1680 Aug 19  2015 install.log.syslog"
        ]
    }
}
2019-03-07 11:33:00,612 p=22065 u=root |  ok: [ubuntu1] => {
    "output": {
        "changed": true, 
        "cmd": "ls -l /root", 
        "delta": "0:00:00.007904", 
        "end": "2019-03-07 06:03:00.217371", 
        "failed": false, 
        "rc": 0, 
        "start": "2019-03-07 06:03:00.209467", 
        "stderr": "", 
        "stderr_lines": [], 
        "stdout": "total 0", 
        "stdout_lines": [
            "total 0"
        ]
    }
}
2019-03-07 11:33:00,623 p=22065 u=root |  ok: [ubuntu2] => {
    "output": {
        "changed": true, 
        "cmd": "ls -l /root", 
        "delta": "0:00:00.009131", 
        "end": "2019-03-07 06:03:00.229831", 
        "failed": false, 
        "rc": 0, 
        "start": "2019-03-07 06:03:00.220700", 
        "stderr": "", 
        "stderr_lines": [], 
        "stdout": "total 0", 
        "stdout_lines": [
            "total 0"
        ]
    }
}
2019-03-07 11:33:00,626 p=22065 u=root |  PLAY RECAP *********************************************************************************************************************
2019-03-07 11:33:00,626 p=22065 u=root |  centos1                    : ok=3    changed=1    unreachable=0    failed=0   
2019-03-07 11:33:00,627 p=22065 u=root |  centos2                    : ok=3    changed=1    unreachable=0    failed=0   
2019-03-07 11:33:00,627 p=22065 u=root |  ubuntu1                    : ok=3    changed=1    unreachable=0    failed=0   
2019-03-07 11:33:00,627 p=22065 u=root |  ubuntu2                    : ok=3    changed=1    unreachable=0    failed=0   
2019-03-07 11:33:16,310 p=22395 u=root |  PLAY [Demonstrates use of register variable] ***********************************************************************************
2019-03-07 11:33:16,317 p=22395 u=root |  TASK [Gathering Facts] *********************************************************************************************************
2019-03-07 11:33:17,143 p=22395 u=root |  ok: [ubuntu2]
2019-03-07 11:33:17,177 p=22395 u=root |  ok: [ubuntu1]
2019-03-07 11:33:20,165 p=22395 u=root |  ok: [centos1]
2019-03-07 11:33:20,267 p=22395 u=root |  ok: [centos2]
2019-03-07 11:33:20,272 p=22395 u=root |  TASK [List the root directory files and directories] ***************************************************************************
2019-03-07 11:33:20,706 p=22395 u=root |  changed: [ubuntu2]
2019-03-07 11:33:20,716 p=22395 u=root |  changed: [ubuntu1]
2019-03-07 11:33:20,978 p=22395 u=root |  changed: [centos2]
2019-03-07 11:33:20,979 p=22395 u=root |  changed: [centos1]
2019-03-07 11:33:20,985 p=22395 u=root |  TASK [debug] *******************************************************************************************************************
2019-03-07 11:33:21,041 p=22395 u=root |  ok: [centos1] => {
    "output": {
        "changed": true, 
        "cmd": "ls -l /", 
        "delta": "0:00:00.248287", 
        "end": "2019-03-07 06:03:20.951266", 
        "failed": false, 
        "rc": 0, 
        "start": "2019-03-07 06:03:20.702979", 
        "stderr": "", 
        "stderr_lines": [], 
        "stdout": "total 16\ndr-xr-xr-x.   1 root root 4096 Mar  6 06:08 bin\ndrwxr-xr-x.   3 root root   18 Mar  6 06:08 boot\ndrwxr-xr-x.   5 root root  340 Mar  7 01:45 dev\ndrwxr-xr-x.   1 root root 4096 Mar  7 01:48 etc\ndrwxr-xr-x.   2 root root    6 Sep 23  2011 home\ndr-xr-xr-x.   1 root root   34 Mar  6 06:08 lib\ndr-xr-xr-x.   1 root root 4096 Mar  6 06:08 lib64\ndrwx------.   2 root root    6 Aug 19  2015 lost+found\ndrwxr-xr-x.   2 root root    6 Sep 23  2011 media\ndrwxr-xr-x.   2 root root    6 Sep 23  2011 mnt\ndrwxr-xr-x.   2 root root    6 Sep 23  2011 opt\ndr-xr-xr-x. 278 root root    0 Mar  7 01:45 proc\ndr-xr-x---.   1 root root   55 Mar  7 01:47 root\ndr-xr-xr-x.   1 root root 4096 Mar  6 06:08 sbin\ndrwxr-xr-x.   2 root root    6 Aug 19  2015 selinux\ndrwxr-xr-x.   2 root root    6 Sep 23  2011 srv\ndr-xr-xr-x.  13 root root    0 Mar  7 01:34 sys\ndrwxrwxrwt.   1 root root   28 Mar  7 06:03 tmp\ndrwxr-xr-x.   1 root root   55 Aug 19  2015 usr\ndrwxr-xr-x.   1 root root   87 Mar  7 01:48 var", 
        "stdout_lines": [
            "total 16", 
            "dr-xr-xr-x.   1 root root 4096 Mar  6 06:08 bin", 
            "drwxr-xr-x.   3 root root   18 Mar  6 06:08 boot", 
            "drwxr-xr-x.   5 root root  340 Mar  7 01:45 dev", 
            "drwxr-xr-x.   1 root root 4096 Mar  7 01:48 etc", 
            "drwxr-xr-x.   2 root root    6 Sep 23  2011 home", 
            "dr-xr-xr-x.   1 root root   34 Mar  6 06:08 lib", 
            "dr-xr-xr-x.   1 root root 4096 Mar  6 06:08 lib64", 
            "drwx------.   2 root root    6 Aug 19  2015 lost+found", 
            "drwxr-xr-x.   2 root root    6 Sep 23  2011 media", 
            "drwxr-xr-x.   2 root root    6 Sep 23  2011 mnt", 
            "drwxr-xr-x.   2 root root    6 Sep 23  2011 opt", 
            "dr-xr-xr-x. 278 root root    0 Mar  7 01:45 proc", 
            "dr-xr-x---.   1 root root   55 Mar  7 01:47 root", 
            "dr-xr-xr-x.   1 root root 4096 Mar  6 06:08 sbin", 
            "drwxr-xr-x.   2 root root    6 Aug 19  2015 selinux", 
            "drwxr-xr-x.   2 root root    6 Sep 23  2011 srv", 
            "dr-xr-xr-x.  13 root root    0 Mar  7 01:34 sys", 
            "drwxrwxrwt.   1 root root   28 Mar  7 06:03 tmp", 
            "drwxr-xr-x.   1 root root   55 Aug 19  2015 usr", 
            "drwxr-xr-x.   1 root root   87 Mar  7 01:48 var"
        ]
    }
}
2019-03-07 11:33:21,046 p=22395 u=root |  ok: [centos2] => {
    "output": {
        "changed": true, 
        "cmd": "ls -l /", 
        "delta": "0:00:00.247634", 
        "end": "2019-03-07 06:03:20.953755", 
        "failed": false, 
        "rc": 0, 
        "start": "2019-03-07 06:03:20.706121", 
        "stderr": "", 
        "stderr_lines": [], 
        "stdout": "total 16\ndr-xr-xr-x.   1 root root 4096 Mar  6 06:08 bin\ndrwxr-xr-x.   3 root root   18 Mar  6 06:08 boot\ndrwxr-xr-x.   5 root root  340 Mar  7 01:45 dev\ndrwxr-xr-x.   1 root root 4096 Mar  7 01:48 etc\ndrwxr-xr-x.   2 root root    6 Sep 23  2011 home\ndr-xr-xr-x.   1 root root   34 Mar  6 06:08 lib\ndr-xr-xr-x.   1 root root 4096 Mar  6 06:08 lib64\ndrwx------.   2 root root    6 Aug 19  2015 lost+found\ndrwxr-xr-x.   2 root root    6 Sep 23  2011 media\ndrwxr-xr-x.   2 root root    6 Sep 23  2011 mnt\ndrwxr-xr-x.   2 root root    6 Sep 23  2011 opt\ndr-xr-xr-x. 277 root root    0 Mar  7 01:45 proc\ndr-xr-x---.   1 root root   55 Mar  7 01:47 root\ndr-xr-xr-x.   1 root root 4096 Mar  6 06:08 sbin\ndrwxr-xr-x.   2 root root    6 Aug 19  2015 selinux\ndrwxr-xr-x.   2 root root    6 Sep 23  2011 srv\ndr-xr-xr-x.  13 root root    0 Mar  7 01:34 sys\ndrwxrwxrwt.   1 root root   28 Mar  7 06:03 tmp\ndrwxr-xr-x.   1 root root   55 Aug 19  2015 usr\ndrwxr-xr-x.   1 root root   87 Mar  7 01:48 var", 
        "stdout_lines": [
            "total 16", 
            "dr-xr-xr-x.   1 root root 4096 Mar  6 06:08 bin", 
            "drwxr-xr-x.   3 root root   18 Mar  6 06:08 boot", 
            "drwxr-xr-x.   5 root root  340 Mar  7 01:45 dev", 
            "drwxr-xr-x.   1 root root 4096 Mar  7 01:48 etc", 
            "drwxr-xr-x.   2 root root    6 Sep 23  2011 home", 
            "dr-xr-xr-x.   1 root root   34 Mar  6 06:08 lib", 
            "dr-xr-xr-x.   1 root root 4096 Mar  6 06:08 lib64", 
            "drwx------.   2 root root    6 Aug 19  2015 lost+found", 
            "drwxr-xr-x.   2 root root    6 Sep 23  2011 media", 
            "drwxr-xr-x.   2 root root    6 Sep 23  2011 mnt", 
            "drwxr-xr-x.   2 root root    6 Sep 23  2011 opt", 
            "dr-xr-xr-x. 277 root root    0 Mar  7 01:45 proc", 
            "dr-xr-x---.   1 root root   55 Mar  7 01:47 root", 
            "dr-xr-xr-x.   1 root root 4096 Mar  6 06:08 sbin", 
            "drwxr-xr-x.   2 root root    6 Aug 19  2015 selinux", 
            "drwxr-xr-x.   2 root root    6 Sep 23  2011 srv", 
            "dr-xr-xr-x.  13 root root    0 Mar  7 01:34 sys", 
            "drwxrwxrwt.   1 root root   28 Mar  7 06:03 tmp", 
            "drwxr-xr-x.   1 root root   55 Aug 19  2015 usr", 
            "drwxr-xr-x.   1 root root   87 Mar  7 01:48 var"
        ]
    }
}
2019-03-07 11:33:21,063 p=22395 u=root |  ok: [ubuntu1] => {
    "output": {
        "changed": true, 
        "cmd": "ls -l /", 
        "delta": "0:00:00.005861", 
        "end": "2019-03-07 06:03:20.692636", 
        "failed": false, 
        "rc": 0, 
        "start": "2019-03-07 06:03:20.686775", 
        "stderr": "", 
        "stderr_lines": [], 
        "stdout": "total 4\ndrwxr-xr-x.   1 root root   46 Mar  6 10:42 bin\ndrwxr-xr-x.   2 root root    6 Apr 12  2016 boot\ndrwxr-xr-x.   5 root root  340 Mar  7 01:45 dev\ndrwxr-xr-x.   1 root root 4096 Mar  7 01:46 etc\ndrwxr-xr-x.   2 root root    6 Apr 12  2016 home\ndrwxr-xr-x.   1 root root   45 Mar  5 07:41 lib\ndrwxr-xr-x.   2 root root   34 Jan 22 19:22 lib64\ndrwxr-xr-x.   2 root root    6 Jan 22 19:22 media\ndrwxr-xr-x.   2 root root    6 Jan 22 19:22 mnt\ndrwxr-xr-x.   2 root root    6 Jan 22 19:22 opt\ndr-xr-xr-x. 287 root root    0 Mar  7 01:45 proc\ndrwx------.   1 root root   36 Mar  6 10:36 root\ndrwxr-xr-x.   1 root root   71 Mar  7 06:02 run\ndrwxr-xr-x.   1 root root  142 Mar  6 10:42 sbin\ndrwxr-xr-x.   2 root root    6 Jan 22 19:22 srv\ndr-xr-xr-x.  13 root root    0 Mar  7 01:34 sys\ndrwxrwxrwt.   1 root root   28 Mar  7 06:03 tmp\ndrwxr-xr-x.   1 root root   66 Jan 22 19:22 usr\ndrwxr-xr-x.   1 root root   64 Mar  7 01:48 var", 
        "stdout_lines": [
            "total 4", 
            "drwxr-xr-x.   1 root root   46 Mar  6 10:42 bin", 
            "drwxr-xr-x.   2 root root    6 Apr 12  2016 boot", 
            "drwxr-xr-x.   5 root root  340 Mar  7 01:45 dev", 
            "drwxr-xr-x.   1 root root 4096 Mar  7 01:46 etc", 
            "drwxr-xr-x.   2 root root    6 Apr 12  2016 home", 
            "drwxr-xr-x.   1 root root   45 Mar  5 07:41 lib", 
            "drwxr-xr-x.   2 root root   34 Jan 22 19:22 lib64", 
            "drwxr-xr-x.   2 root root    6 Jan 22 19:22 media", 
            "drwxr-xr-x.   2 root root    6 Jan 22 19:22 mnt", 
            "drwxr-xr-x.   2 root root    6 Jan 22 19:22 opt", 
            "dr-xr-xr-x. 287 root root    0 Mar  7 01:45 proc", 
            "drwx------.   1 root root   36 Mar  6 10:36 root", 
            "drwxr-xr-x.   1 root root   71 Mar  7 06:02 run", 
            "drwxr-xr-x.   1 root root  142 Mar  6 10:42 sbin", 
            "drwxr-xr-x.   2 root root    6 Jan 22 19:22 srv", 
            "dr-xr-xr-x.  13 root root    0 Mar  7 01:34 sys", 
            "drwxrwxrwt.   1 root root   28 Mar  7 06:03 tmp", 
            "drwxr-xr-x.   1 root root   66 Jan 22 19:22 usr", 
            "drwxr-xr-x.   1 root root   64 Mar  7 01:48 var"
        ]
    }
}
2019-03-07 11:33:21,078 p=22395 u=root |  ok: [ubuntu2] => {
    "output": {
        "changed": true, 
        "cmd": "ls -l /", 
        "delta": "0:00:00.007954", 
        "end": "2019-03-07 06:03:20.680292", 
        "failed": false, 
        "rc": 0, 
        "start": "2019-03-07 06:03:20.672338", 
        "stderr": "", 
        "stderr_lines": [], 
        "stdout": "total 4\ndrwxr-xr-x.   1 root root   46 Mar  6 10:44 bin\ndrwxr-xr-x.   2 root root    6 Apr 12  2016 boot\ndrwxr-xr-x.   5 root root  340 Mar  7 01:45 dev\ndrwxr-xr-x.   1 root root 4096 Mar  7 01:46 etc\ndrwxr-xr-x.   2 root root    6 Apr 12  2016 home\ndrwxr-xr-x.   1 root root   45 Mar  5 07:41 lib\ndrwxr-xr-x.   2 root root   34 Jan 22 19:22 lib64\ndrwxr-xr-x.   2 root root    6 Jan 22 19:22 media\ndrwxr-xr-x.   2 root root    6 Jan 22 19:22 mnt\ndrwxr-xr-x.   2 root root    6 Jan 22 19:22 opt\ndr-xr-xr-x. 288 root root    0 Mar  7 01:45 proc\ndrwx------.   1 root root   36 Mar  6 10:36 root\ndrwxr-xr-x.   1 root root   71 Mar  7 06:02 run\ndrwxr-xr-x.   1 root root  142 Mar  6 10:44 sbin\ndrwxr-xr-x.   2 root root    6 Jan 22 19:22 srv\ndr-xr-xr-x.  13 root root    0 Mar  7 01:34 sys\ndrwxrwxrwt.   1 root root   28 Mar  7 06:03 tmp\ndrwxr-xr-x.   1 root root   66 Jan 22 19:22 usr\ndrwxr-xr-x.   1 root root   64 Mar  7 01:48 var", 
        "stdout_lines": [
            "total 4", 
            "drwxr-xr-x.   1 root root   46 Mar  6 10:44 bin", 
            "drwxr-xr-x.   2 root root    6 Apr 12  2016 boot", 
            "drwxr-xr-x.   5 root root  340 Mar  7 01:45 dev", 
            "drwxr-xr-x.   1 root root 4096 Mar  7 01:46 etc", 
            "drwxr-xr-x.   2 root root    6 Apr 12  2016 home", 
            "drwxr-xr-x.   1 root root   45 Mar  5 07:41 lib", 
            "drwxr-xr-x.   2 root root   34 Jan 22 19:22 lib64", 
            "drwxr-xr-x.   2 root root    6 Jan 22 19:22 media", 
            "drwxr-xr-x.   2 root root    6 Jan 22 19:22 mnt", 
            "drwxr-xr-x.   2 root root    6 Jan 22 19:22 opt", 
            "dr-xr-xr-x. 288 root root    0 Mar  7 01:45 proc", 
            "drwx------.   1 root root   36 Mar  6 10:36 root", 
            "drwxr-xr-x.   1 root root   71 Mar  7 06:02 run", 
            "drwxr-xr-x.   1 root root  142 Mar  6 10:44 sbin", 
            "drwxr-xr-x.   2 root root    6 Jan 22 19:22 srv", 
            "dr-xr-xr-x.  13 root root    0 Mar  7 01:34 sys", 
            "drwxrwxrwt.   1 root root   28 Mar  7 06:03 tmp", 
            "drwxr-xr-x.   1 root root   66 Jan 22 19:22 usr", 
            "drwxr-xr-x.   1 root root   64 Mar  7 01:48 var"
        ]
    }
}
2019-03-07 11:33:21,083 p=22395 u=root |  PLAY RECAP *********************************************************************************************************************
2019-03-07 11:33:21,083 p=22395 u=root |  centos1                    : ok=3    changed=1    unreachable=0    failed=0   
2019-03-07 11:33:21,083 p=22395 u=root |  centos2                    : ok=3    changed=1    unreachable=0    failed=0   
2019-03-07 11:33:21,083 p=22395 u=root |  ubuntu1                    : ok=3    changed=1    unreachable=0    failed=0   
2019-03-07 11:33:21,083 p=22395 u=root |  ubuntu2                    : ok=3    changed=1    unreachable=0    failed=0   
2019-03-07 11:35:04,185 p=22716 u=root |  PLAY [Demonstrates use of register variable] ***********************************************************************************
2019-03-07 11:35:04,193 p=22716 u=root |  TASK [Gathering Facts] *********************************************************************************************************
2019-03-07 11:35:05,017 p=22716 u=root |  ok: [ubuntu2]
2019-03-07 11:35:05,022 p=22716 u=root |  ok: [ubuntu1]
2019-03-07 11:35:08,057 p=22716 u=root |  ok: [centos2]
2019-03-07 11:35:08,128 p=22716 u=root |  ok: [centos1]
2019-03-07 11:35:08,133 p=22716 u=root |  TASK [List the root directory files and directories] ***************************************************************************
2019-03-07 11:35:08,527 p=22716 u=root |  changed: [ubuntu1]
2019-03-07 11:35:08,530 p=22716 u=root |  changed: [ubuntu2]
2019-03-07 11:35:08,785 p=22716 u=root |  changed: [centos2]
2019-03-07 11:35:08,806 p=22716 u=root |  changed: [centos1]
2019-03-07 11:35:08,810 p=22716 u=root |  TASK [debug] *******************************************************************************************************************
2019-03-07 11:35:08,868 p=22716 u=root |  ok: [centos1] => {
    "output": {
        "changed": true, 
        "cmd": "ls -l /", 
        "delta": "0:00:00.257500", 
        "end": "2019-03-07 06:05:08.787895", 
        "failed": false, 
        "rc": 0, 
        "start": "2019-03-07 06:05:08.530395", 
        "stderr": "", 
        "stderr_lines": [], 
        "stdout": "total 16\ndr-xr-xr-x.   1 root root 4096 Mar  6 06:08 bin\ndrwxr-xr-x.   3 root root   18 Mar  6 06:08 boot\ndrwxr-xr-x.   5 root root  340 Mar  7 01:45 dev\ndrwxr-xr-x.   1 root root 4096 Mar  7 01:48 etc\ndrwxr-xr-x.   2 root root    6 Sep 23  2011 home\ndr-xr-xr-x.   1 root root   34 Mar  6 06:08 lib\ndr-xr-xr-x.   1 root root 4096 Mar  6 06:08 lib64\ndrwx------.   2 root root    6 Aug 19  2015 lost+found\ndrwxr-xr-x.   2 root root    6 Sep 23  2011 media\ndrwxr-xr-x.   2 root root    6 Sep 23  2011 mnt\ndrwxr-xr-x.   2 root root    6 Sep 23  2011 opt\ndr-xr-xr-x. 266 root root    0 Mar  7 01:45 proc\ndr-xr-x---.   1 root root   55 Mar  7 01:47 root\ndr-xr-xr-x.   1 root root 4096 Mar  6 06:08 sbin\ndrwxr-xr-x.   2 root root    6 Aug 19  2015 selinux\ndrwxr-xr-x.   2 root root    6 Sep 23  2011 srv\ndr-xr-xr-x.  13 root root    0 Mar  7 01:34 sys\ndrwxrwxrwt.   1 root root   28 Mar  7 06:05 tmp\ndrwxr-xr-x.   1 root root   55 Aug 19  2015 usr\ndrwxr-xr-x.   1 root root   87 Mar  7 01:48 var", 
        "stdout_lines": [
            "total 16", 
            "dr-xr-xr-x.   1 root root 4096 Mar  6 06:08 bin", 
            "drwxr-xr-x.   3 root root   18 Mar  6 06:08 boot", 
            "drwxr-xr-x.   5 root root  340 Mar  7 01:45 dev", 
            "drwxr-xr-x.   1 root root 4096 Mar  7 01:48 etc", 
            "drwxr-xr-x.   2 root root    6 Sep 23  2011 home", 
            "dr-xr-xr-x.   1 root root   34 Mar  6 06:08 lib", 
            "dr-xr-xr-x.   1 root root 4096 Mar  6 06:08 lib64", 
            "drwx------.   2 root root    6 Aug 19  2015 lost+found", 
            "drwxr-xr-x.   2 root root    6 Sep 23  2011 media", 
            "drwxr-xr-x.   2 root root    6 Sep 23  2011 mnt", 
            "drwxr-xr-x.   2 root root    6 Sep 23  2011 opt", 
            "dr-xr-xr-x. 266 root root    0 Mar  7 01:45 proc", 
            "dr-xr-x---.   1 root root   55 Mar  7 01:47 root", 
            "dr-xr-xr-x.   1 root root 4096 Mar  6 06:08 sbin", 
            "drwxr-xr-x.   2 root root    6 Aug 19  2015 selinux", 
            "drwxr-xr-x.   2 root root    6 Sep 23  2011 srv", 
            "dr-xr-xr-x.  13 root root    0 Mar  7 01:34 sys", 
            "drwxrwxrwt.   1 root root   28 Mar  7 06:05 tmp", 
            "drwxr-xr-x.   1 root root   55 Aug 19  2015 usr", 
            "drwxr-xr-x.   1 root root   87 Mar  7 01:48 var"
        ]
    }
}
2019-03-07 11:35:08,875 p=22716 u=root |  ok: [centos2] => {
    "output": {
        "changed": true, 
        "cmd": "ls -l /", 
        "delta": "0:00:00.238164", 
        "end": "2019-03-07 06:05:08.768401", 
        "failed": false, 
        "rc": 0, 
        "start": "2019-03-07 06:05:08.530237", 
        "stderr": "", 
        "stderr_lines": [], 
        "stdout": "total 16\ndr-xr-xr-x.   1 root root 4096 Mar  6 06:08 bin\ndrwxr-xr-x.   3 root root   18 Mar  6 06:08 boot\ndrwxr-xr-x.   5 root root  340 Mar  7 01:45 dev\ndrwxr-xr-x.   1 root root 4096 Mar  7 01:48 etc\ndrwxr-xr-x.   2 root root    6 Sep 23  2011 home\ndr-xr-xr-x.   1 root root   34 Mar  6 06:08 lib\ndr-xr-xr-x.   1 root root 4096 Mar  6 06:08 lib64\ndrwx------.   2 root root    6 Aug 19  2015 lost+found\ndrwxr-xr-x.   2 root root    6 Sep 23  2011 media\ndrwxr-xr-x.   2 root root    6 Sep 23  2011 mnt\ndrwxr-xr-x.   2 root root    6 Sep 23  2011 opt\ndr-xr-xr-x. 272 root root    0 Mar  7 01:45 proc\ndr-xr-x---.   1 root root   55 Mar  7 01:47 root\ndr-xr-xr-x.   1 root root 4096 Mar  6 06:08 sbin\ndrwxr-xr-x.   2 root root    6 Aug 19  2015 selinux\ndrwxr-xr-x.   2 root root    6 Sep 23  2011 srv\ndr-xr-xr-x.  13 root root    0 Mar  7 01:34 sys\ndrwxrwxrwt.   1 root root   28 Mar  7 06:05 tmp\ndrwxr-xr-x.   1 root root   55 Aug 19  2015 usr\ndrwxr-xr-x.   1 root root   87 Mar  7 01:48 var", 
        "stdout_lines": [
            "total 16", 
            "dr-xr-xr-x.   1 root root 4096 Mar  6 06:08 bin", 
            "drwxr-xr-x.   3 root root   18 Mar  6 06:08 boot", 
            "drwxr-xr-x.   5 root root  340 Mar  7 01:45 dev", 
            "drwxr-xr-x.   1 root root 4096 Mar  7 01:48 etc", 
            "drwxr-xr-x.   2 root root    6 Sep 23  2011 home", 
            "dr-xr-xr-x.   1 root root   34 Mar  6 06:08 lib", 
            "dr-xr-xr-x.   1 root root 4096 Mar  6 06:08 lib64", 
            "drwx------.   2 root root    6 Aug 19  2015 lost+found", 
            "drwxr-xr-x.   2 root root    6 Sep 23  2011 media", 
            "drwxr-xr-x.   2 root root    6 Sep 23  2011 mnt", 
            "drwxr-xr-x.   2 root root    6 Sep 23  2011 opt", 
            "dr-xr-xr-x. 272 root root    0 Mar  7 01:45 proc", 
            "dr-xr-x---.   1 root root   55 Mar  7 01:47 root", 
            "dr-xr-xr-x.   1 root root 4096 Mar  6 06:08 sbin", 
            "drwxr-xr-x.   2 root root    6 Aug 19  2015 selinux", 
            "drwxr-xr-x.   2 root root    6 Sep 23  2011 srv", 
            "dr-xr-xr-x.  13 root root    0 Mar  7 01:34 sys", 
            "drwxrwxrwt.   1 root root   28 Mar  7 06:05 tmp", 
            "drwxr-xr-x.   1 root root   55 Aug 19  2015 usr", 
            "drwxr-xr-x.   1 root root   87 Mar  7 01:48 var"
        ]
    }
}
2019-03-07 11:35:08,909 p=22716 u=root |  ok: [ubuntu1] => {
    "output": {
        "changed": true, 
        "cmd": "ls -l /", 
        "delta": "0:00:00.003956", 
        "end": "2019-03-07 06:05:08.503967", 
        "failed": false, 
        "rc": 0, 
        "start": "2019-03-07 06:05:08.500011", 
        "stderr": "", 
        "stderr_lines": [], 
        "stdout": "total 4\ndrwxr-xr-x.   1 root root   46 Mar  6 10:42 bin\ndrwxr-xr-x.   2 root root    6 Apr 12  2016 boot\ndrwxr-xr-x.   5 root root  340 Mar  7 01:45 dev\ndrwxr-xr-x.   1 root root 4096 Mar  7 01:46 etc\ndrwxr-xr-x.   2 root root    6 Apr 12  2016 home\ndrwxr-xr-x.   1 root root   45 Mar  5 07:41 lib\ndrwxr-xr-x.   2 root root   34 Jan 22 19:22 lib64\ndrwxr-xr-x.   2 root root    6 Jan 22 19:22 media\ndrwxr-xr-x.   2 root root    6 Jan 22 19:22 mnt\ndrwxr-xr-x.   2 root root    6 Jan 22 19:22 opt\ndr-xr-xr-x. 283 root root    0 Mar  7 01:45 proc\ndrwx------.   1 root root   36 Mar  6 10:36 root\ndrwxr-xr-x.   1 root root   71 Mar  7 06:05 run\ndrwxr-xr-x.   1 root root  142 Mar  6 10:42 sbin\ndrwxr-xr-x.   2 root root    6 Jan 22 19:22 srv\ndr-xr-xr-x.  13 root root    0 Mar  7 01:34 sys\ndrwxrwxrwt.   1 root root   28 Mar  7 06:05 tmp\ndrwxr-xr-x.   1 root root   66 Jan 22 19:22 usr\ndrwxr-xr-x.   1 root root   64 Mar  7 01:48 var", 
        "stdout_lines": [
            "total 4", 
            "drwxr-xr-x.   1 root root   46 Mar  6 10:42 bin", 
            "drwxr-xr-x.   2 root root    6 Apr 12  2016 boot", 
            "drwxr-xr-x.   5 root root  340 Mar  7 01:45 dev", 
            "drwxr-xr-x.   1 root root 4096 Mar  7 01:46 etc", 
            "drwxr-xr-x.   2 root root    6 Apr 12  2016 home", 
            "drwxr-xr-x.   1 root root   45 Mar  5 07:41 lib", 
            "drwxr-xr-x.   2 root root   34 Jan 22 19:22 lib64", 
            "drwxr-xr-x.   2 root root    6 Jan 22 19:22 media", 
            "drwxr-xr-x.   2 root root    6 Jan 22 19:22 mnt", 
            "drwxr-xr-x.   2 root root    6 Jan 22 19:22 opt", 
            "dr-xr-xr-x. 283 root root    0 Mar  7 01:45 proc", 
            "drwx------.   1 root root   36 Mar  6 10:36 root", 
            "drwxr-xr-x.   1 root root   71 Mar  7 06:05 run", 
            "drwxr-xr-x.   1 root root  142 Mar  6 10:42 sbin", 
            "drwxr-xr-x.   2 root root    6 Jan 22 19:22 srv", 
            "dr-xr-xr-x.  13 root root    0 Mar  7 01:34 sys", 
            "drwxrwxrwt.   1 root root   28 Mar  7 06:05 tmp", 
            "drwxr-xr-x.   1 root root   66 Jan 22 19:22 usr", 
            "drwxr-xr-x.   1 root root   64 Mar  7 01:48 var"
        ]
    }
}
2019-03-07 11:35:08,915 p=22716 u=root |  ok: [ubuntu2] => {
    "output": {
        "changed": true, 
        "cmd": "ls -l /", 
        "delta": "0:00:00.010503", 
        "end": "2019-03-07 06:05:08.509569", 
        "failed": false, 
        "rc": 0, 
        "start": "2019-03-07 06:05:08.499066", 
        "stderr": "", 
        "stderr_lines": [], 
        "stdout": "total 4\ndrwxr-xr-x.   1 root root   46 Mar  6 10:44 bin\ndrwxr-xr-x.   2 root root    6 Apr 12  2016 boot\ndrwxr-xr-x.   5 root root  340 Mar  7 01:45 dev\ndrwxr-xr-x.   1 root root 4096 Mar  7 01:46 etc\ndrwxr-xr-x.   2 root root    6 Apr 12  2016 home\ndrwxr-xr-x.   1 root root   45 Mar  5 07:41 lib\ndrwxr-xr-x.   2 root root   34 Jan 22 19:22 lib64\ndrwxr-xr-x.   2 root root    6 Jan 22 19:22 media\ndrwxr-xr-x.   2 root root    6 Jan 22 19:22 mnt\ndrwxr-xr-x.   2 root root    6 Jan 22 19:22 opt\ndr-xr-xr-x. 282 root root    0 Mar  7 01:45 proc\ndrwx------.   1 root root   36 Mar  6 10:36 root\ndrwxr-xr-x.   1 root root   71 Mar  7 06:05 run\ndrwxr-xr-x.   1 root root  142 Mar  6 10:44 sbin\ndrwxr-xr-x.   2 root root    6 Jan 22 19:22 srv\ndr-xr-xr-x.  13 root root    0 Mar  7 01:34 sys\ndrwxrwxrwt.   1 root root   28 Mar  7 06:05 tmp\ndrwxr-xr-x.   1 root root   66 Jan 22 19:22 usr\ndrwxr-xr-x.   1 root root   64 Mar  7 01:48 var", 
        "stdout_lines": [
            "total 4", 
            "drwxr-xr-x.   1 root root   46 Mar  6 10:44 bin", 
            "drwxr-xr-x.   2 root root    6 Apr 12  2016 boot", 
            "drwxr-xr-x.   5 root root  340 Mar  7 01:45 dev", 
            "drwxr-xr-x.   1 root root 4096 Mar  7 01:46 etc", 
            "drwxr-xr-x.   2 root root    6 Apr 12  2016 home", 
            "drwxr-xr-x.   1 root root   45 Mar  5 07:41 lib", 
            "drwxr-xr-x.   2 root root   34 Jan 22 19:22 lib64", 
            "drwxr-xr-x.   2 root root    6 Jan 22 19:22 media", 
            "drwxr-xr-x.   2 root root    6 Jan 22 19:22 mnt", 
            "drwxr-xr-x.   2 root root    6 Jan 22 19:22 opt", 
            "dr-xr-xr-x. 282 root root    0 Mar  7 01:45 proc", 
            "drwx------.   1 root root   36 Mar  6 10:36 root", 
            "drwxr-xr-x.   1 root root   71 Mar  7 06:05 run", 
            "drwxr-xr-x.   1 root root  142 Mar  6 10:44 sbin", 
            "drwxr-xr-x.   2 root root    6 Jan 22 19:22 srv", 
            "dr-xr-xr-x.  13 root root    0 Mar  7 01:34 sys", 
            "drwxrwxrwt.   1 root root   28 Mar  7 06:05 tmp", 
            "drwxr-xr-x.   1 root root   66 Jan 22 19:22 usr", 
            "drwxr-xr-x.   1 root root   64 Mar  7 01:48 var"
        ]
    }
}
2019-03-07 11:35:08,917 p=22716 u=root |  PLAY RECAP *********************************************************************************************************************
2019-03-07 11:35:08,918 p=22716 u=root |  centos1                    : ok=3    changed=1    unreachable=0    failed=0   
2019-03-07 11:35:08,918 p=22716 u=root |  centos2                    : ok=3    changed=1    unreachable=0    failed=0   
2019-03-07 11:35:08,918 p=22716 u=root |  ubuntu1                    : ok=3    changed=1    unreachable=0    failed=0   
2019-03-07 11:35:08,918 p=22716 u=root |  ubuntu2                    : ok=3    changed=1    unreachable=0    failed=0   
2019-03-07 11:35:22,717 p=23045 u=root |  PLAY [Demonstrates use of register variable] ***********************************************************************************
2019-03-07 11:35:22,725 p=23045 u=root |  TASK [Gathering Facts] *********************************************************************************************************
2019-03-07 11:35:23,453 p=23045 u=root |  ok: [ubuntu2]
2019-03-07 11:35:23,488 p=23045 u=root |  ok: [ubuntu1]
2019-03-07 11:35:26,570 p=23045 u=root |  ok: [centos1]
2019-03-07 11:35:26,592 p=23045 u=root |  ok: [centos2]
2019-03-07 11:35:26,597 p=23045 u=root |  TASK [List the root directory files and directories] ***************************************************************************
2019-03-07 11:35:27,021 p=23045 u=root |  fatal: [ubuntu2]: FAILED! => {"changed": true, "cmd": "adsfsaf", "delta": "0:00:00.002573", "end": "2019-03-07 06:05:26.996996", "msg": "non-zero return code", "rc": 127, "start": "2019-03-07 06:05:26.994423", "stderr": "/bin/sh: 1: adsfsaf: not found", "stderr_lines": ["/bin/sh: 1: adsfsaf: not found"], "stdout": "", "stdout_lines": []}
2019-03-07 11:35:27,025 p=23045 u=root |  fatal: [ubuntu1]: FAILED! => {"changed": true, "cmd": "adsfsaf", "delta": "0:00:00.004236", "end": "2019-03-07 06:05:27.006970", "msg": "non-zero return code", "rc": 127, "start": "2019-03-07 06:05:27.002734", "stderr": "/bin/sh: 1: adsfsaf: not found", "stderr_lines": ["/bin/sh: 1: adsfsaf: not found"], "stdout": "", "stdout_lines": []}
2019-03-07 11:35:27,291 p=23045 u=root |  fatal: [centos2]: FAILED! => {"changed": true, "cmd": "adsfsaf", "delta": "0:00:00.247235", "end": "2019-03-07 06:05:27.273752", "msg": "non-zero return code", "rc": 127, "start": "2019-03-07 06:05:27.026517", "stderr": "/bin/sh: adsfsaf: command not found", "stderr_lines": ["/bin/sh: adsfsaf: command not found"], "stdout": "", "stdout_lines": []}
2019-03-07 11:35:27,307 p=23045 u=root |  fatal: [centos1]: FAILED! => {"changed": true, "cmd": "adsfsaf", "delta": "0:00:00.251313", "end": "2019-03-07 06:05:27.280176", "msg": "non-zero return code", "rc": 127, "start": "2019-03-07 06:05:27.028863", "stderr": "/bin/sh: adsfsaf: command not found", "stderr_lines": ["/bin/sh: adsfsaf: command not found"], "stdout": "", "stdout_lines": []}
2019-03-07 11:35:27,310 p=23045 u=root |  	to retry, use: --limit @/root/DevOps/Day4/register.retry

2019-03-07 11:35:27,311 p=23045 u=root |  PLAY RECAP *********************************************************************************************************************
2019-03-07 11:35:27,311 p=23045 u=root |  centos1                    : ok=1    changed=0    unreachable=0    failed=1   
2019-03-07 11:35:27,311 p=23045 u=root |  centos2                    : ok=1    changed=0    unreachable=0    failed=1   
2019-03-07 11:35:27,311 p=23045 u=root |  ubuntu1                    : ok=1    changed=0    unreachable=0    failed=1   
2019-03-07 11:35:27,312 p=23045 u=root |  ubuntu2                    : ok=1    changed=0    unreachable=0    failed=1   
2019-03-07 11:36:12,847 p=23330 u=root |  PLAY [Demonstrates use of register variable] ***********************************************************************************
2019-03-07 11:36:12,854 p=23330 u=root |  TASK [Gathering Facts] *********************************************************************************************************
2019-03-07 11:36:13,591 p=23330 u=root |  ok: [ubuntu1]
2019-03-07 11:36:13,606 p=23330 u=root |  ok: [ubuntu2]
2019-03-07 11:36:16,630 p=23330 u=root |  ok: [centos2]
2019-03-07 11:36:16,651 p=23330 u=root |  ok: [centos1]
2019-03-07 11:36:16,656 p=23330 u=root |  TASK [List the root directory files and directories] ***************************************************************************
2019-03-07 11:36:17,071 p=23330 u=root |  fatal: [ubuntu1]: FAILED! => {"changed": true, "cmd": "adsfsaf", "delta": "0:00:00.002480", "end": "2019-03-07 06:06:17.051716", "msg": "non-zero return code", "rc": 127, "start": "2019-03-07 06:06:17.049236", "stderr": "/bin/sh: 1: adsfsaf: not found", "stderr_lines": ["/bin/sh: 1: adsfsaf: not found"], "stdout": "", "stdout_lines": []}
2019-03-07 11:36:17,072 p=23330 u=root |  ...ignoring
2019-03-07 11:36:17,082 p=23330 u=root |  fatal: [ubuntu2]: FAILED! => {"changed": true, "cmd": "adsfsaf", "delta": "0:00:00.006062", "end": "2019-03-07 06:06:17.063523", "msg": "non-zero return code", "rc": 127, "start": "2019-03-07 06:06:17.057461", "stderr": "/bin/sh: 1: adsfsaf: not found", "stderr_lines": ["/bin/sh: 1: adsfsaf: not found"], "stdout": "", "stdout_lines": []}
2019-03-07 11:36:17,082 p=23330 u=root |  ...ignoring
2019-03-07 11:36:17,318 p=23330 u=root |  fatal: [centos1]: FAILED! => {"changed": true, "cmd": "adsfsaf", "delta": "0:00:00.245536", "end": "2019-03-07 06:06:17.300049", "msg": "non-zero return code", "rc": 127, "start": "2019-03-07 06:06:17.054513", "stderr": "/bin/sh: adsfsaf: command not found", "stderr_lines": ["/bin/sh: adsfsaf: command not found"], "stdout": "", "stdout_lines": []}
2019-03-07 11:36:17,318 p=23330 u=root |  ...ignoring
2019-03-07 11:36:17,330 p=23330 u=root |  fatal: [centos2]: FAILED! => {"changed": true, "cmd": "adsfsaf", "delta": "0:00:00.240759", "end": "2019-03-07 06:06:17.309461", "msg": "non-zero return code", "rc": 127, "start": "2019-03-07 06:06:17.068702", "stderr": "/bin/sh: adsfsaf: command not found", "stderr_lines": ["/bin/sh: adsfsaf: command not found"], "stdout": "", "stdout_lines": []}
2019-03-07 11:36:17,330 p=23330 u=root |  ...ignoring
2019-03-07 11:36:17,338 p=23330 u=root |  TASK [debug] *******************************************************************************************************************
2019-03-07 11:36:17,375 p=23330 u=root |  skipping: [centos1]
2019-03-07 11:36:17,388 p=23330 u=root |  skipping: [centos2]
2019-03-07 11:36:17,389 p=23330 u=root |  skipping: [ubuntu1]
2019-03-07 11:36:17,403 p=23330 u=root |  skipping: [ubuntu2]
2019-03-07 11:36:17,406 p=23330 u=root |  PLAY RECAP *********************************************************************************************************************
2019-03-07 11:36:17,406 p=23330 u=root |  centos1                    : ok=2    changed=1    unreachable=0    failed=0   
2019-03-07 11:36:17,406 p=23330 u=root |  centos2                    : ok=2    changed=1    unreachable=0    failed=0   
2019-03-07 11:36:17,406 p=23330 u=root |  ubuntu1                    : ok=2    changed=1    unreachable=0    failed=0   
2019-03-07 11:36:17,406 p=23330 u=root |  ubuntu2                    : ok=2    changed=1    unreachable=0    failed=0   
2019-03-07 11:37:44,819 p=23625 u=root |  PLAY [Demonstrates use of register variable] ***********************************************************************************
2019-03-07 11:37:44,826 p=23625 u=root |  TASK [Gathering Facts] *********************************************************************************************************
2019-03-07 11:37:45,695 p=23625 u=root |  ok: [ubuntu1]
2019-03-07 11:37:45,703 p=23625 u=root |  ok: [ubuntu2]
2019-03-07 11:37:48,679 p=23625 u=root |  ok: [centos1]
2019-03-07 11:37:48,765 p=23625 u=root |  ok: [centos2]
2019-03-07 11:37:48,770 p=23625 u=root |  TASK [List the root directory files and directories] ***************************************************************************
2019-03-07 11:37:49,215 p=23625 u=root |  fatal: [ubuntu1]: FAILED! => {"changed": true, "cmd": "adsfsaf", "delta": "0:00:00.004049", "end": "2019-03-07 06:07:49.192906", "msg": "non-zero return code", "rc": 127, "start": "2019-03-07 06:07:49.188857", "stderr": "/bin/sh: 1: adsfsaf: not found", "stderr_lines": ["/bin/sh: 1: adsfsaf: not found"], "stdout": "", "stdout_lines": []}
2019-03-07 11:37:49,215 p=23625 u=root |  ...ignoring
2019-03-07 11:37:49,222 p=23625 u=root |  fatal: [ubuntu2]: FAILED! => {"changed": true, "cmd": "adsfsaf", "delta": "0:00:00.004895", "end": "2019-03-07 06:07:49.194011", "msg": "non-zero return code", "rc": 127, "start": "2019-03-07 06:07:49.189116", "stderr": "/bin/sh: 1: adsfsaf: not found", "stderr_lines": ["/bin/sh: 1: adsfsaf: not found"], "stdout": "", "stdout_lines": []}
2019-03-07 11:37:49,222 p=23625 u=root |  ...ignoring
2019-03-07 11:37:49,465 p=23625 u=root |  fatal: [centos1]: FAILED! => {"changed": true, "cmd": "adsfsaf", "delta": "0:00:00.254571", "end": "2019-03-07 06:07:49.448131", "msg": "non-zero return code", "rc": 127, "start": "2019-03-07 06:07:49.193560", "stderr": "/bin/sh: adsfsaf: command not found", "stderr_lines": ["/bin/sh: adsfsaf: command not found"], "stdout": "", "stdout_lines": []}
2019-03-07 11:37:49,465 p=23625 u=root |  ...ignoring
2019-03-07 11:37:49,500 p=23625 u=root |  fatal: [centos2]: FAILED! => {"changed": true, "cmd": "adsfsaf", "delta": "0:00:00.246340", "end": "2019-03-07 06:07:49.473886", "msg": "non-zero return code", "rc": 127, "start": "2019-03-07 06:07:49.227546", "stderr": "/bin/sh: adsfsaf: command not found", "stderr_lines": ["/bin/sh: adsfsaf: command not found"], "stdout": "", "stdout_lines": []}
2019-03-07 11:37:49,500 p=23625 u=root |  ...ignoring
2019-03-07 11:37:49,508 p=23625 u=root |  TASK [debug] *******************************************************************************************************************
2019-03-07 11:37:49,563 p=23625 u=root |  fatal: [centos1]: FAILED! => {"msg": "The conditional check 'output.failed = \"true\"' failed. The error was: template error while templating string: expected token 'end of statement block', got '='. String: {% if output.failed = \"true\" %} True {% else %} False {% endif %}\n\nThe error appears to have been in '/root/DevOps/Day4/register.yml': line 9, column 8, but may\nbe elsewhere in the file depending on the exact syntax problem.\n\nThe offending line appears to be:\n\n\n     - debug: var=output\n       ^ here\n"}
2019-03-07 11:37:49,564 p=23625 u=root |  fatal: [centos2]: FAILED! => {"msg": "The conditional check 'output.failed = \"true\"' failed. The error was: template error while templating string: expected token 'end of statement block', got '='. String: {% if output.failed = \"true\" %} True {% else %} False {% endif %}\n\nThe error appears to have been in '/root/DevOps/Day4/register.yml': line 9, column 8, but may\nbe elsewhere in the file depending on the exact syntax problem.\n\nThe offending line appears to be:\n\n\n     - debug: var=output\n       ^ here\n"}
2019-03-07 11:37:49,565 p=23625 u=root |  fatal: [ubuntu1]: FAILED! => {"msg": "The conditional check 'output.failed = \"true\"' failed. The error was: template error while templating string: expected token 'end of statement block', got '='. String: {% if output.failed = \"true\" %} True {% else %} False {% endif %}\n\nThe error appears to have been in '/root/DevOps/Day4/register.yml': line 9, column 8, but may\nbe elsewhere in the file depending on the exact syntax problem.\n\nThe offending line appears to be:\n\n\n     - debug: var=output\n       ^ here\n"}
2019-03-07 11:37:49,577 p=23625 u=root |  fatal: [ubuntu2]: FAILED! => {"msg": "The conditional check 'output.failed = \"true\"' failed. The error was: template error while templating string: expected token 'end of statement block', got '='. String: {% if output.failed = \"true\" %} True {% else %} False {% endif %}\n\nThe error appears to have been in '/root/DevOps/Day4/register.yml': line 9, column 8, but may\nbe elsewhere in the file depending on the exact syntax problem.\n\nThe offending line appears to be:\n\n\n     - debug: var=output\n       ^ here\n"}
2019-03-07 11:37:49,579 p=23625 u=root |  	to retry, use: --limit @/root/DevOps/Day4/register.retry

2019-03-07 11:37:49,579 p=23625 u=root |  PLAY RECAP *********************************************************************************************************************
2019-03-07 11:37:49,579 p=23625 u=root |  centos1                    : ok=2    changed=1    unreachable=0    failed=1   
2019-03-07 11:37:49,580 p=23625 u=root |  centos2                    : ok=2    changed=1    unreachable=0    failed=1   
2019-03-07 11:37:49,580 p=23625 u=root |  ubuntu1                    : ok=2    changed=1    unreachable=0    failed=1   
2019-03-07 11:37:49,580 p=23625 u=root |  ubuntu2                    : ok=2    changed=1    unreachable=0    failed=1   
2019-03-07 11:38:07,382 p=23952 u=root |  PLAY [Demonstrates use of register variable] ***********************************************************************************
2019-03-07 11:38:07,389 p=23952 u=root |  TASK [Gathering Facts] *********************************************************************************************************
2019-03-07 11:38:08,066 p=23952 u=root |  ok: [ubuntu2]
2019-03-07 11:38:08,099 p=23952 u=root |  ok: [ubuntu1]
2019-03-07 11:38:11,048 p=23952 u=root |  ok: [centos1]
2019-03-07 11:38:11,088 p=23952 u=root |  ok: [centos2]
2019-03-07 11:38:11,094 p=23952 u=root |  TASK [List the root directory files and directories] ***************************************************************************
2019-03-07 11:38:11,496 p=23952 u=root |  fatal: [ubuntu1]: FAILED! => {"changed": true, "cmd": "adsfsaf", "delta": "0:00:00.002668", "end": "2019-03-07 06:08:11.471929", "msg": "non-zero return code", "rc": 127, "start": "2019-03-07 06:08:11.469261", "stderr": "/bin/sh: 1: adsfsaf: not found", "stderr_lines": ["/bin/sh: 1: adsfsaf: not found"], "stdout": "", "stdout_lines": []}
2019-03-07 11:38:11,497 p=23952 u=root |  ...ignoring
2019-03-07 11:38:11,500 p=23952 u=root |  fatal: [ubuntu2]: FAILED! => {"changed": true, "cmd": "adsfsaf", "delta": "0:00:00.002587", "end": "2019-03-07 06:08:11.479691", "msg": "non-zero return code", "rc": 127, "start": "2019-03-07 06:08:11.477104", "stderr": "/bin/sh: 1: adsfsaf: not found", "stderr_lines": ["/bin/sh: 1: adsfsaf: not found"], "stdout": "", "stdout_lines": []}
2019-03-07 11:38:11,501 p=23952 u=root |  ...ignoring
2019-03-07 11:38:11,768 p=23952 u=root |  fatal: [centos1]: FAILED! => {"changed": true, "cmd": "adsfsaf", "delta": "0:00:00.246656", "end": "2019-03-07 06:08:11.752087", "msg": "non-zero return code", "rc": 127, "start": "2019-03-07 06:08:11.505431", "stderr": "/bin/sh: adsfsaf: command not found", "stderr_lines": ["/bin/sh: adsfsaf: command not found"], "stdout": "", "stdout_lines": []}
2019-03-07 11:38:11,768 p=23952 u=root |  ...ignoring
2019-03-07 11:38:11,862 p=23952 u=root |  fatal: [centos2]: FAILED! => {"changed": true, "cmd": "adsfsaf", "delta": "0:00:00.234953", "end": "2019-03-07 06:08:11.841865", "msg": "non-zero return code", "rc": 127, "start": "2019-03-07 06:08:11.606912", "stderr": "/bin/sh: adsfsaf: command not found", "stderr_lines": ["/bin/sh: adsfsaf: command not found"], "stdout": "", "stdout_lines": []}
2019-03-07 11:38:11,862 p=23952 u=root |  ...ignoring
2019-03-07 11:38:11,869 p=23952 u=root |  TASK [debug] *******************************************************************************************************************
2019-03-07 11:38:11,898 p=23952 u=root |  skipping: [centos1]
2019-03-07 11:38:11,910 p=23952 u=root |  skipping: [centos2]
2019-03-07 11:38:11,911 p=23952 u=root |  skipping: [ubuntu1]
2019-03-07 11:38:11,921 p=23952 u=root |  skipping: [ubuntu2]
2019-03-07 11:38:11,923 p=23952 u=root |  PLAY RECAP *********************************************************************************************************************
2019-03-07 11:38:11,924 p=23952 u=root |  centos1                    : ok=2    changed=1    unreachable=0    failed=0   
2019-03-07 11:38:11,924 p=23952 u=root |  centos2                    : ok=2    changed=1    unreachable=0    failed=0   
2019-03-07 11:38:11,924 p=23952 u=root |  ubuntu1                    : ok=2    changed=1    unreachable=0    failed=0   
2019-03-07 11:38:11,924 p=23952 u=root |  ubuntu2                    : ok=2    changed=1    unreachable=0    failed=0   
2019-03-07 11:38:27,311 p=24237 u=root |  PLAY [Demonstrates use of register variable] ***********************************************************************************
2019-03-07 11:38:27,318 p=24237 u=root |  TASK [Gathering Facts] *********************************************************************************************************
2019-03-07 11:38:28,048 p=24237 u=root |  ok: [ubuntu2]
2019-03-07 11:38:28,067 p=24237 u=root |  ok: [ubuntu1]
2019-03-07 11:38:31,104 p=24237 u=root |  ok: [centos2]
2019-03-07 11:38:31,143 p=24237 u=root |  ok: [centos1]
2019-03-07 11:38:31,148 p=24237 u=root |  TASK [List the root directory files and directories] ***************************************************************************
2019-03-07 11:38:31,536 p=24237 u=root |  fatal: [ubuntu1]: FAILED! => {"changed": true, "cmd": "adsfsaf", "delta": "0:00:00.002500", "end": "2019-03-07 06:08:31.520717", "msg": "non-zero return code", "rc": 127, "start": "2019-03-07 06:08:31.518217", "stderr": "/bin/sh: 1: adsfsaf: not found", "stderr_lines": ["/bin/sh: 1: adsfsaf: not found"], "stdout": "", "stdout_lines": []}
2019-03-07 11:38:31,537 p=24237 u=root |  ...ignoring
2019-03-07 11:38:31,563 p=24237 u=root |  fatal: [ubuntu2]: FAILED! => {"changed": true, "cmd": "adsfsaf", "delta": "0:00:00.006804", "end": "2019-03-07 06:08:31.538235", "msg": "non-zero return code", "rc": 127, "start": "2019-03-07 06:08:31.531431", "stderr": "/bin/sh: 1: adsfsaf: not found", "stderr_lines": ["/bin/sh: 1: adsfsaf: not found"], "stdout": "", "stdout_lines": []}
2019-03-07 11:38:31,564 p=24237 u=root |  ...ignoring
2019-03-07 11:38:31,856 p=24237 u=root |  fatal: [centos1]: FAILED! => {"changed": true, "cmd": "adsfsaf", "delta": "0:00:00.272748", "end": "2019-03-07 06:08:31.839706", "msg": "non-zero return code", "rc": 127, "start": "2019-03-07 06:08:31.566958", "stderr": "/bin/sh: adsfsaf: command not found", "stderr_lines": ["/bin/sh: adsfsaf: command not found"], "stdout": "", "stdout_lines": []}
2019-03-07 11:38:31,856 p=24237 u=root |  ...ignoring
2019-03-07 11:38:31,857 p=24237 u=root |  fatal: [centos2]: FAILED! => {"changed": true, "cmd": "adsfsaf", "delta": "0:00:00.282083", "end": "2019-03-07 06:08:31.839276", "msg": "non-zero return code", "rc": 127, "start": "2019-03-07 06:08:31.557193", "stderr": "/bin/sh: adsfsaf: command not found", "stderr_lines": ["/bin/sh: adsfsaf: command not found"], "stdout": "", "stdout_lines": []}
2019-03-07 11:38:31,857 p=24237 u=root |  ...ignoring
2019-03-07 11:38:31,864 p=24237 u=root |  TASK [debug] *******************************************************************************************************************
2019-03-07 11:38:31,918 p=24237 u=root |  ok: [centos1] => {
    "output": {
        "changed": true, 
        "cmd": "adsfsaf", 
        "delta": "0:00:00.272748", 
        "end": "2019-03-07 06:08:31.839706", 
        "failed": true, 
        "msg": "non-zero return code", 
        "rc": 127, 
        "start": "2019-03-07 06:08:31.566958", 
        "stderr": "/bin/sh: adsfsaf: command not found", 
        "stderr_lines": [
            "/bin/sh: adsfsaf: command not found"
        ], 
        "stdout": "", 
        "stdout_lines": []
    }
}
2019-03-07 11:38:31,924 p=24237 u=root |  ok: [centos2] => {
    "output": {
        "changed": true, 
        "cmd": "adsfsaf", 
        "delta": "0:00:00.282083", 
        "end": "2019-03-07 06:08:31.839276", 
        "failed": true, 
        "msg": "non-zero return code", 
        "rc": 127, 
        "start": "2019-03-07 06:08:31.557193", 
        "stderr": "/bin/sh: adsfsaf: command not found", 
        "stderr_lines": [
            "/bin/sh: adsfsaf: command not found"
        ], 
        "stdout": "", 
        "stdout_lines": []
    }
}
2019-03-07 11:38:31,946 p=24237 u=root |  ok: [ubuntu1] => {
    "output": {
        "changed": true, 
        "cmd": "adsfsaf", 
        "delta": "0:00:00.002500", 
        "end": "2019-03-07 06:08:31.520717", 
        "failed": true, 
        "msg": "non-zero return code", 
        "rc": 127, 
        "start": "2019-03-07 06:08:31.518217", 
        "stderr": "/bin/sh: 1: adsfsaf: not found", 
        "stderr_lines": [
            "/bin/sh: 1: adsfsaf: not found"
        ], 
        "stdout": "", 
        "stdout_lines": []
    }
}
2019-03-07 11:38:31,951 p=24237 u=root |  ok: [ubuntu2] => {
    "output": {
        "changed": true, 
        "cmd": "adsfsaf", 
        "delta": "0:00:00.006804", 
        "end": "2019-03-07 06:08:31.538235", 
        "failed": true, 
        "msg": "non-zero return code", 
        "rc": 127, 
        "start": "2019-03-07 06:08:31.531431", 
        "stderr": "/bin/sh: 1: adsfsaf: not found", 
        "stderr_lines": [
            "/bin/sh: 1: adsfsaf: not found"
        ], 
        "stdout": "", 
        "stdout_lines": []
    }
}
2019-03-07 11:38:31,954 p=24237 u=root |  PLAY RECAP *********************************************************************************************************************
2019-03-07 11:38:31,954 p=24237 u=root |  centos1                    : ok=3    changed=1    unreachable=0    failed=0   
2019-03-07 11:38:31,954 p=24237 u=root |  centos2                    : ok=3    changed=1    unreachable=0    failed=0   
2019-03-07 11:38:31,954 p=24237 u=root |  ubuntu1                    : ok=3    changed=1    unreachable=0    failed=0   
2019-03-07 11:38:31,955 p=24237 u=root |  ubuntu2                    : ok=3    changed=1    unreachable=0    failed=0   
2019-03-07 11:45:45,363 p=24631 u=root |  PLAY [Demonstrates use of register variable] ***********************************************************************************
2019-03-07 11:45:45,371 p=24631 u=root |  TASK [Gathering Facts] *********************************************************************************************************
2019-03-07 11:45:46,259 p=24631 u=root |  ok: [ubuntu1]
2019-03-07 11:45:46,263 p=24631 u=root |  ok: [ubuntu2]
2019-03-07 11:45:49,274 p=24631 u=root |  ok: [centos2]
2019-03-07 11:45:49,283 p=24631 u=root |  ok: [centos1]
2019-03-07 11:45:49,289 p=24631 u=root |  TASK [List the root directory files and directories] ***************************************************************************
2019-03-07 11:45:49,672 p=24631 u=root |  fatal: [ubuntu2]: FAILED! => {"changed": true, "cmd": "adsfsaf", "delta": "0:00:00.002223", "end": "2019-03-07 06:15:49.654273", "msg": "non-zero return code", "rc": 127, "start": "2019-03-07 06:15:49.652050", "stderr": "/bin/sh: 1: adsfsaf: not found", "stderr_lines": ["/bin/sh: 1: adsfsaf: not found"], "stdout": "", "stdout_lines": []}
2019-03-07 11:45:49,672 p=24631 u=root |  ...ignoring
2019-03-07 11:45:49,699 p=24631 u=root |  fatal: [ubuntu1]: FAILED! => {"changed": true, "cmd": "adsfsaf", "delta": "0:00:00.002073", "end": "2019-03-07 06:15:49.662801", "msg": "non-zero return code", "rc": 127, "start": "2019-03-07 06:15:49.660728", "stderr": "/bin/sh: 1: adsfsaf: not found", "stderr_lines": ["/bin/sh: 1: adsfsaf: not found"], "stdout": "", "stdout_lines": []}
2019-03-07 11:45:49,699 p=24631 u=root |  ...ignoring
2019-03-07 11:45:49,953 p=24631 u=root |  fatal: [centos2]: FAILED! => {"changed": true, "cmd": "adsfsaf", "delta": "0:00:00.267713", "end": "2019-03-07 06:15:49.933825", "msg": "non-zero return code", "rc": 127, "start": "2019-03-07 06:15:49.666112", "stderr": "/bin/sh: adsfsaf: command not found", "stderr_lines": ["/bin/sh: adsfsaf: command not found"], "stdout": "", "stdout_lines": []}
2019-03-07 11:45:49,953 p=24631 u=root |  ...ignoring
2019-03-07 11:45:49,956 p=24631 u=root |  fatal: [centos1]: FAILED! => {"changed": true, "cmd": "adsfsaf", "delta": "0:00:00.263360", "end": "2019-03-07 06:15:49.939330", "msg": "non-zero return code", "rc": 127, "start": "2019-03-07 06:15:49.675970", "stderr": "/bin/sh: adsfsaf: command not found", "stderr_lines": ["/bin/sh: adsfsaf: command not found"], "stdout": "", "stdout_lines": []}
2019-03-07 11:45:49,956 p=24631 u=root |  ...ignoring
2019-03-07 11:45:49,964 p=24631 u=root |  TASK [debug] *******************************************************************************************************************
2019-03-07 11:45:50,028 p=24631 u=root |  ok: [centos1] => {
    "output": {
        "changed": true, 
        "cmd": "adsfsaf", 
        "delta": "0:00:00.263360", 
        "end": "2019-03-07 06:15:49.939330", 
        "failed": true, 
        "msg": "non-zero return code", 
        "rc": 127, 
        "start": "2019-03-07 06:15:49.675970", 
        "stderr": "/bin/sh: adsfsaf: command not found", 
        "stderr_lines": [
            "/bin/sh: adsfsaf: command not found"
        ], 
        "stdout": "", 
        "stdout_lines": []
    }
}
2019-03-07 11:45:50,029 p=24631 u=root |  ok: [centos2] => {
    "output": {
        "changed": true, 
        "cmd": "adsfsaf", 
        "delta": "0:00:00.267713", 
        "end": "2019-03-07 06:15:49.933825", 
        "failed": true, 
        "msg": "non-zero return code", 
        "rc": 127, 
        "start": "2019-03-07 06:15:49.666112", 
        "stderr": "/bin/sh: adsfsaf: command not found", 
        "stderr_lines": [
            "/bin/sh: adsfsaf: command not found"
        ], 
        "stdout": "", 
        "stdout_lines": []
    }
}
2019-03-07 11:45:50,044 p=24631 u=root |  ok: [ubuntu1] => {
    "output": {
        "changed": true, 
        "cmd": "adsfsaf", 
        "delta": "0:00:00.002073", 
        "end": "2019-03-07 06:15:49.662801", 
        "failed": true, 
        "msg": "non-zero return code", 
        "rc": 127, 
        "start": "2019-03-07 06:15:49.660728", 
        "stderr": "/bin/sh: 1: adsfsaf: not found", 
        "stderr_lines": [
            "/bin/sh: 1: adsfsaf: not found"
        ], 
        "stdout": "", 
        "stdout_lines": []
    }
}
2019-03-07 11:45:50,062 p=24631 u=root |  ok: [ubuntu2] => {
    "output": {
        "changed": true, 
        "cmd": "adsfsaf", 
        "delta": "0:00:00.002223", 
        "end": "2019-03-07 06:15:49.654273", 
        "failed": true, 
        "msg": "non-zero return code", 
        "rc": 127, 
        "start": "2019-03-07 06:15:49.652050", 
        "stderr": "/bin/sh: 1: adsfsaf: not found", 
        "stderr_lines": [
            "/bin/sh: 1: adsfsaf: not found"
        ], 
        "stdout": "", 
        "stdout_lines": []
    }
}
2019-03-07 11:45:50,075 p=24631 u=root |  TASK [set_fact] ****************************************************************************************************************
2019-03-07 11:45:50,126 p=24631 u=root |  ok: [centos1]
2019-03-07 11:45:50,144 p=24631 u=root |  ok: [centos2]
2019-03-07 11:45:50,160 p=24631 u=root |  ok: [ubuntu1]
2019-03-07 11:45:50,166 p=24631 u=root |  ok: [ubuntu2]
2019-03-07 11:45:50,172 p=24631 u=root |  TASK [debug] *******************************************************************************************************************
2019-03-07 11:45:50,218 p=24631 u=root |  ok: [centos1] => {
    "msg": "List task has failed."
}
2019-03-07 11:45:50,233 p=24631 u=root |  ok: [centos2] => {
    "msg": "List task has failed."
}
2019-03-07 11:45:50,242 p=24631 u=root |  ok: [ubuntu1] => {
    "msg": "List task has failed."
}
2019-03-07 11:45:50,252 p=24631 u=root |  ok: [ubuntu2] => {
    "msg": "List task has failed."
}
2019-03-07 11:45:50,258 p=24631 u=root |  TASK [debug] *******************************************************************************************************************
2019-03-07 11:45:50,307 p=24631 u=root |  skipping: [centos1]
2019-03-07 11:45:50,308 p=24631 u=root |  skipping: [centos2]
2019-03-07 11:45:50,311 p=24631 u=root |  skipping: [ubuntu1]
2019-03-07 11:45:50,317 p=24631 u=root |  skipping: [ubuntu2]
2019-03-07 11:45:50,320 p=24631 u=root |  PLAY RECAP *********************************************************************************************************************
2019-03-07 11:45:50,320 p=24631 u=root |  centos1                    : ok=5    changed=1    unreachable=0    failed=0   
2019-03-07 11:45:50,320 p=24631 u=root |  centos2                    : ok=5    changed=1    unreachable=0    failed=0   
2019-03-07 11:45:50,320 p=24631 u=root |  ubuntu1                    : ok=5    changed=1    unreachable=0    failed=0   
2019-03-07 11:45:50,320 p=24631 u=root |  ubuntu2                    : ok=5    changed=1    unreachable=0    failed=0   
2019-03-07 11:47:22,693 p=25014 u=root |  PLAY [Demonstrates use of register variable] ***********************************************************************************
2019-03-07 11:47:22,700 p=25014 u=root |  TASK [Gathering Facts] *********************************************************************************************************
2019-03-07 11:47:23,551 p=25014 u=root |  ok: [ubuntu1]
2019-03-07 11:47:23,591 p=25014 u=root |  ok: [ubuntu2]
2019-03-07 11:47:26,564 p=25014 u=root |  ok: [centos2]
2019-03-07 11:47:26,587 p=25014 u=root |  ok: [centos1]
2019-03-07 11:47:26,594 p=25014 u=root |  TASK [List the root directory files and directories] ***************************************************************************
2019-03-07 11:47:27,042 p=25014 u=root |  fatal: [ubuntu1]: FAILED! => {"changed": true, "cmd": "adsfsaf", "delta": "0:00:00.002778", "end": "2019-03-07 06:17:27.021447", "msg": "non-zero return code", "rc": 127, "start": "2019-03-07 06:17:27.018669", "stderr": "/bin/sh: 1: adsfsaf: not found", "stderr_lines": ["/bin/sh: 1: adsfsaf: not found"], "stdout": "", "stdout_lines": []}
2019-03-07 11:47:27,043 p=25014 u=root |  ...ignoring
2019-03-07 11:47:27,074 p=25014 u=root |  fatal: [ubuntu2]: FAILED! => {"changed": true, "cmd": "adsfsaf", "delta": "0:00:00.003275", "end": "2019-03-07 06:17:27.045131", "msg": "non-zero return code", "rc": 127, "start": "2019-03-07 06:17:27.041856", "stderr": "/bin/sh: 1: adsfsaf: not found", "stderr_lines": ["/bin/sh: 1: adsfsaf: not found"], "stdout": "", "stdout_lines": []}
2019-03-07 11:47:27,074 p=25014 u=root |  ...ignoring
2019-03-07 11:47:27,302 p=25014 u=root |  fatal: [centos2]: FAILED! => {"changed": true, "cmd": "adsfsaf", "delta": "0:00:00.252492", "end": "2019-03-07 06:17:27.286014", "msg": "non-zero return code", "rc": 127, "start": "2019-03-07 06:17:27.033522", "stderr": "/bin/sh: adsfsaf: command not found", "stderr_lines": ["/bin/sh: adsfsaf: command not found"], "stdout": "", "stdout_lines": []}
2019-03-07 11:47:27,302 p=25014 u=root |  ...ignoring
2019-03-07 11:47:27,313 p=25014 u=root |  fatal: [centos1]: FAILED! => {"changed": true, "cmd": "adsfsaf", "delta": "0:00:00.260606", "end": "2019-03-07 06:17:27.298221", "msg": "non-zero return code", "rc": 127, "start": "2019-03-07 06:17:27.037615", "stderr": "/bin/sh: adsfsaf: command not found", "stderr_lines": ["/bin/sh: adsfsaf: command not found"], "stdout": "", "stdout_lines": []}
2019-03-07 11:47:27,313 p=25014 u=root |  ...ignoring
2019-03-07 11:47:27,318 p=25014 u=root |  TASK [debug] *******************************************************************************************************************
2019-03-07 11:47:27,364 p=25014 u=root |  ok: [centos1] => {
    "output": {
        "changed": true, 
        "cmd": "adsfsaf", 
        "delta": "0:00:00.260606", 
        "end": "2019-03-07 06:17:27.298221", 
        "failed": true, 
        "msg": "non-zero return code", 
        "rc": 127, 
        "start": "2019-03-07 06:17:27.037615", 
        "stderr": "/bin/sh: adsfsaf: command not found", 
        "stderr_lines": [
            "/bin/sh: adsfsaf: command not found"
        ], 
        "stdout": "", 
        "stdout_lines": []
    }
}
2019-03-07 11:47:27,385 p=25014 u=root |  ok: [ubuntu1] => {
    "output": {
        "changed": true, 
        "cmd": "adsfsaf", 
        "delta": "0:00:00.002778", 
        "end": "2019-03-07 06:17:27.021447", 
        "failed": true, 
        "msg": "non-zero return code", 
        "rc": 127, 
        "start": "2019-03-07 06:17:27.018669", 
        "stderr": "/bin/sh: 1: adsfsaf: not found", 
        "stderr_lines": [
            "/bin/sh: 1: adsfsaf: not found"
        ], 
        "stdout": "", 
        "stdout_lines": []
    }
}
2019-03-07 11:47:27,390 p=25014 u=root |  ok: [centos2] => {
    "output": {
        "changed": true, 
        "cmd": "adsfsaf", 
        "delta": "0:00:00.252492", 
        "end": "2019-03-07 06:17:27.286014", 
        "failed": true, 
        "msg": "non-zero return code", 
        "rc": 127, 
        "start": "2019-03-07 06:17:27.033522", 
        "stderr": "/bin/sh: adsfsaf: command not found", 
        "stderr_lines": [
            "/bin/sh: adsfsaf: command not found"
        ], 
        "stdout": "", 
        "stdout_lines": []
    }
}
2019-03-07 11:47:27,407 p=25014 u=root |  ok: [ubuntu2] => {
    "output": {
        "changed": true, 
        "cmd": "adsfsaf", 
        "delta": "0:00:00.003275", 
        "end": "2019-03-07 06:17:27.045131", 
        "failed": true, 
        "msg": "non-zero return code", 
        "rc": 127, 
        "start": "2019-03-07 06:17:27.041856", 
        "stderr": "/bin/sh: 1: adsfsaf: not found", 
        "stderr_lines": [
            "/bin/sh: 1: adsfsaf: not found"
        ], 
        "stdout": "", 
        "stdout_lines": []
    }
}
2019-03-07 11:47:27,413 p=25014 u=root |  TASK [set_fact] ****************************************************************************************************************
2019-03-07 11:47:27,493 p=25014 u=root |  ok: [centos1]
2019-03-07 11:47:27,494 p=25014 u=root |  ok: [centos2]
2019-03-07 11:47:27,497 p=25014 u=root |  ok: [ubuntu1]
2019-03-07 11:47:27,518 p=25014 u=root |  ok: [ubuntu2]
2019-03-07 11:47:27,524 p=25014 u=root |  TASK [debug] *******************************************************************************************************************
2019-03-07 11:47:27,587 p=25014 u=root |  ok: [centos1] => {
    "msg": "List task has failed."
}
2019-03-07 11:47:27,602 p=25014 u=root |  ok: [centos2] => {
    "msg": "List task has failed."
}
2019-03-07 11:47:27,610 p=25014 u=root |  ok: [ubuntu1] => {
    "msg": "List task has failed."
}
2019-03-07 11:47:27,625 p=25014 u=root |  ok: [ubuntu2] => {
    "msg": "List task has failed."
}
2019-03-07 11:47:27,631 p=25014 u=root |  TASK [debug] *******************************************************************************************************************
2019-03-07 11:47:27,659 p=25014 u=root |  skipping: [centos1]
2019-03-07 11:47:27,673 p=25014 u=root |  skipping: [centos2]
2019-03-07 11:47:27,674 p=25014 u=root |  skipping: [ubuntu1]
2019-03-07 11:47:27,683 p=25014 u=root |  skipping: [ubuntu2]
2019-03-07 11:47:27,686 p=25014 u=root |  PLAY RECAP *********************************************************************************************************************
2019-03-07 11:47:27,686 p=25014 u=root |  centos1                    : ok=5    changed=1    unreachable=0    failed=0   
2019-03-07 11:47:27,687 p=25014 u=root |  centos2                    : ok=5    changed=1    unreachable=0    failed=0   
2019-03-07 11:47:27,687 p=25014 u=root |  ubuntu1                    : ok=5    changed=1    unreachable=0    failed=0   
2019-03-07 11:47:27,687 p=25014 u=root |  ubuntu2                    : ok=5    changed=1    unreachable=0    failed=0   
2019-03-07 11:47:42,072 p=25357 u=root |  PLAY [Demonstrates use of register variable] ***********************************************************************************
2019-03-07 11:47:42,080 p=25357 u=root |  TASK [Gathering Facts] *********************************************************************************************************
2019-03-07 11:47:42,813 p=25357 u=root |  ok: [ubuntu2]
2019-03-07 11:47:42,828 p=25357 u=root |  ok: [ubuntu1]
2019-03-07 11:47:45,943 p=25357 u=root |  ok: [centos1]
2019-03-07 11:47:45,968 p=25357 u=root |  ok: [centos2]
2019-03-07 11:47:45,976 p=25357 u=root |  TASK [List the root directory files and directories] ***************************************************************************
2019-03-07 11:47:46,354 p=25357 u=root |  changed: [ubuntu1]
2019-03-07 11:47:46,376 p=25357 u=root |  changed: [ubuntu2]
2019-03-07 11:47:46,615 p=25357 u=root |  changed: [centos1]
2019-03-07 11:47:46,658 p=25357 u=root |  changed: [centos2]
2019-03-07 11:47:46,666 p=25357 u=root |  TASK [debug] *******************************************************************************************************************
2019-03-07 11:47:46,694 p=25357 u=root |  skipping: [centos1]
2019-03-07 11:47:46,707 p=25357 u=root |  skipping: [centos2]
2019-03-07 11:47:46,709 p=25357 u=root |  skipping: [ubuntu1]
2019-03-07 11:47:46,721 p=25357 u=root |  skipping: [ubuntu2]
2019-03-07 11:47:46,729 p=25357 u=root |  TASK [set_fact] ****************************************************************************************************************
2019-03-07 11:47:46,782 p=25357 u=root |  ok: [centos2]
2019-03-07 11:47:46,783 p=25357 u=root |  ok: [centos1]
2019-03-07 11:47:46,812 p=25357 u=root |  ok: [ubuntu1]
2019-03-07 11:47:46,820 p=25357 u=root |  ok: [ubuntu2]
2019-03-07 11:47:46,825 p=25357 u=root |  TASK [debug] *******************************************************************************************************************
2019-03-07 11:47:46,861 p=25357 u=root |  skipping: [centos1]
2019-03-07 11:47:46,881 p=25357 u=root |  skipping: [centos2]
2019-03-07 11:47:46,883 p=25357 u=root |  skipping: [ubuntu1]
2019-03-07 11:47:46,900 p=25357 u=root |  skipping: [ubuntu2]
2019-03-07 11:47:46,908 p=25357 u=root |  TASK [debug] *******************************************************************************************************************
2019-03-07 11:47:46,990 p=25357 u=root |  ok: [centos1] => {
    "msg": "List task has succeeded."
}
2019-03-07 11:47:46,992 p=25357 u=root |  ok: [ubuntu1] => {
    "msg": "List task has succeeded."
}
2019-03-07 11:47:46,993 p=25357 u=root |  ok: [centos2] => {
    "msg": "List task has succeeded."
}
2019-03-07 11:47:46,999 p=25357 u=root |  ok: [ubuntu2] => {
    "msg": "List task has succeeded."
}
2019-03-07 11:47:47,003 p=25357 u=root |  PLAY RECAP *********************************************************************************************************************
2019-03-07 11:47:47,003 p=25357 u=root |  centos1                    : ok=4    changed=1    unreachable=0    failed=0   
2019-03-07 11:47:47,003 p=25357 u=root |  centos2                    : ok=4    changed=1    unreachable=0    failed=0   
2019-03-07 11:47:47,003 p=25357 u=root |  ubuntu1                    : ok=4    changed=1    unreachable=0    failed=0   
2019-03-07 11:47:47,003 p=25357 u=root |  ubuntu2                    : ok=4    changed=1    unreachable=0    failed=0   
